


ARM Macro Assembler    Page 1 


    1 00000000         ; gpio.s
    2 00000000         ; Desenvolvido para a placa EK-TM4C1294XL
    3 00000000         ; Prof. Guilherme Peron
    4 00000000         ; Ver 1 19/03/2018
    5 00000000         ; Ver 2 26/08/2018
    6 00000000         
    7 00000000         ; ------------------------------------------------------
                       -------------------------
    8 00000000                 THUMB                        ; Instruções do tip
                                                            o Thumb-2
    9 00000000         ; ------------------------------------------------------
                       -------------------------
   10 00000000         ; Declarações EQU - Defines
   11 00000000         ; ========================
   12 00000000         ; ========================
   13 00000000         ; Definições dos Registradores Gerais
   14 00000000 400FE608 
                       SYSCTL_RCGCGPIO_R
                               EQU              0x400FE608
   15 00000000 400FEA08 
                       SYSCTL_PRGPIO_R
                               EQU              0x400FEA08
   16 00000000         ; ========================
   17 00000000         ; Definições dos Ports
   18 00000000         
   19 00000000         ; PORT J
   20 00000000 40060520 
                       GPIO_PORTJ_AHB_LOCK_R
                               EQU              0x40060520
   21 00000000 40060524 
                       GPIO_PORTJ_AHB_CR_R
                               EQU              0x40060524
   22 00000000 40060528 
                       GPIO_PORTJ_AHB_AMSEL_R
                               EQU              0x40060528
   23 00000000 4006052C 
                       GPIO_PORTJ_AHB_PCTL_R
                               EQU              0x4006052C
   24 00000000 40060400 
                       GPIO_PORTJ_AHB_DIR_R
                               EQU              0x40060400
   25 00000000 40060420 
                       GPIO_PORTJ_AHB_AFSEL_R
                               EQU              0x40060420
   26 00000000 4006051C 
                       GPIO_PORTJ_AHB_DEN_R
                               EQU              0x4006051C
   27 00000000 40060510 
                       GPIO_PORTJ_AHB_PUR_R
                               EQU              0x40060510
   28 00000000 400603FC 
                       GPIO_PORTJ_AHB_DATA_R
                               EQU              0x400603FC
   29 00000000 00000100 
                       GPIO_PORTJ
                               EQU              2_000000100000000
   30 00000000         
   31 00000000         ; PORT N
   32 00000000 40064520 



ARM Macro Assembler    Page 2 


                       GPIO_PORTN_AHB_LOCK_R
                               EQU              0x40064520
   33 00000000 40064524 
                       GPIO_PORTN_AHB_CR_R
                               EQU              0x40064524
   34 00000000 40064528 
                       GPIO_PORTN_AHB_AMSEL_R
                               EQU              0x40064528
   35 00000000 4006452C 
                       GPIO_PORTN_AHB_PCTL_R
                               EQU              0x4006452C
   36 00000000 40064400 
                       GPIO_PORTN_AHB_DIR_R
                               EQU              0x40064400
   37 00000000 40064420 
                       GPIO_PORTN_AHB_AFSEL_R
                               EQU              0x40064420
   38 00000000 4006451C 
                       GPIO_PORTN_AHB_DEN_R
                               EQU              0x4006451C
   39 00000000 40064510 
                       GPIO_PORTN_AHB_PUR_R
                               EQU              0x40064510
   40 00000000 400643FC 
                       GPIO_PORTN_AHB_DATA_R
                               EQU              0x400643FC
   41 00000000 00001000 
                       GPIO_PORTN
                               EQU              2_001000000000000
   42 00000000         
   43 00000000         ; PORT F
   44 00000000 4005D520 
                       GPIO_PORTF_AHB_LOCK_R
                               EQU              0x4005D520
   45 00000000 4005D524 
                       GPIO_PORTF_AHB_CR_R
                               EQU              0x4005D524
   46 00000000 4005D528 
                       GPIO_PORTF_AHB_AMSEL_R
                               EQU              0x4005D528
   47 00000000 4005D52C 
                       GPIO_PORTF_AHB_PCTL_R
                               EQU              0x4005D52C
   48 00000000 4005D400 
                       GPIO_PORTF_AHB_DIR_R
                               EQU              0x4005D400
   49 00000000 4005D420 
                       GPIO_PORTF_AHB_AFSEL_R
                               EQU              0x4005D420
   50 00000000 4005D51C 
                       GPIO_PORTF_AHB_DEN_R
                               EQU              0x4005D51C
   51 00000000 4005D510 
                       GPIO_PORTF_AHB_PUR_R
                               EQU              0x4005D510
   52 00000000 4005D3FC 
                       GPIO_PORTF_AHB_DATA_R
                               EQU              0x4005D3FC
   53 00000000 00000020 



ARM Macro Assembler    Page 3 


                       GPIO_PORTF
                               EQU              2_000000000100000
   54 00000000         
   55 00000000         ; ------------------------------------------------------
                       -------------------------
   56 00000000         ; Área de Código - Tudo abaixo da diretiva a seguir será
                        armazenado na memória de 
   57 00000000         ;                  código
   58 00000000                 AREA             |.text|, CODE, READONLY, ALIGN=
2
   59 00000000         
   60 00000000         ; Se alguma função do arquivo for chamada em outro arqui
                       vo 
   61 00000000                 EXPORT           GPIO_Init   ; Permite chamar GP
                                                            IO_Init de outro ar
                                                            quivo
   62 00000000                 EXPORT           PortJ_Input
   63 00000000                 EXPORT           PortN_Output
   64 00000000                 EXPORT           PortF_Output
   65 00000000         
   66 00000000         
   67 00000000         ;-------------------------------------------------------
                       -------------------------
   68 00000000         ; Função GPIO_Init
   69 00000000         ; Parâmetro de entrada: Não tem
   70 00000000         ; Parâmetro de saída: Não tem
   71 00000000         GPIO_Init
   72 00000000 482C            LDR              R0, =SYSCTL_RCGCGPIO_R
   73 00000002 F44F 5180       MOV              R1, #GPIO_PORTN
   74 00000006 F441 7180       ORR              R1, #GPIO_PORTJ
   75 0000000A F041 0120       ORR              R1, #GPIO_PORTF
   76 0000000E 6001            STR              R1, [R0]
   77 00000010         
   78 00000010         
   79 00000010 4829            LDR              R0, =SYSCTL_PRGPIO_R
   80 00000012         EsperaGPIO
   81 00000012 6801            LDR              R1, [R0]
   82 00000014 F44F 5280       MOV              R2, #GPIO_PORTN
   83 00000018 F442 7280       ORR              R2, #GPIO_PORTJ
   84 0000001C F042 0220       ORR              R2, #GPIO_PORTF
   85 00000020 4211            TST              R1, R2
   86 00000022 D0F6            BEQ              EsperaGPIO
   87 00000024         
   88 00000024         ;Nao vou usar entradas analogicas
   89 00000024 F04F 0100       MOV              R1, #0x00
   90 00000028         ;Port J
   91 00000028 4824            LDR              R0, =GPIO_PORTJ_AHB_AMSEL_R
   92 0000002A 6001            STR              R1, [R0]
   93 0000002C         ;Port N
   94 0000002C 4824            LDR              R0, =GPIO_PORTN_AHB_AMSEL_R
   95 0000002E 6001            STR              R1, [R0]
   96 00000030         ;Port F
   97 00000030 4824            LDR              R0, =GPIO_PORTF_AHB_AMSEL_R
   98 00000032 6001            STR              R1, [R0]
   99 00000034         
  100 00000034         
  101 00000034         ;Nao vou usar funcoes alternativas
  102 00000034 F04F 0100       MOV              R1, #0x00
  103 00000038 4823            LDR              R0, =GPIO_PORTJ_AHB_PCTL_R



ARM Macro Assembler    Page 4 


  104 0000003A 6001            STR              R1, [R0]
  105 0000003C 4823            LDR              R0, =GPIO_PORTN_AHB_PCTL_R
  106 0000003E 6001            STR              R1, [R0]
  107 00000040 4823            LDR              R0, =GPIO_PORTF_AHB_PCTL_R
  108 00000042 6001            STR              R1, [R0]
  109 00000044         
  110 00000044         
  111 00000044         ;Definicao do que e entrada e o que e saida
  112 00000044 4823            LDR              R0, =GPIO_PORTN_AHB_DIR_R
  113 00000046 F04F 0103       MOV              R1, #2_11   ;Configurar saidas 
                                                            PN0 e PN1 como said
                                                            as
  114 0000004A 6001            STR              R1, [R0]
  115 0000004C         
  116 0000004C 4822            LDR              R0, =GPIO_PORTF_AHB_DIR_R
  117 0000004E F04F 0111       MOV              R1, #2_00010001 ;Configurar sai
                                                            das PF4 e PF0 como 
                                                            saidas
  118 00000052 6001            STR              R1, [R0]
  119 00000054         
  120 00000054 4821            LDR              R0, =GPIO_PORTJ_AHB_DIR_R
  121 00000056 F04F 0100       MOV              R1, #0x00
  122 0000005A 6001            STR              R1, [R0]
  123 0000005C         
  124 0000005C         
  125 0000005C         ;Configurar GPIO sem funcoes alternativas
  126 0000005C F04F 0100       MOV              R1, #0x00
  127 00000060 481F            LDR              R0, =GPIO_PORTN_AHB_AFSEL_R
  128 00000062 6001            STR              R1, [R0]
  129 00000064 481F            LDR              R0, =GPIO_PORTF_AHB_AFSEL_R
  130 00000066 6001            STR              R1, [R0]
  131 00000068 481F            LDR              R0, =GPIO_PORTJ_AHB_AFSEL_R
  132 0000006A 6001            STR              R1, [R0]
  133 0000006C         
  134 0000006C         ;Configirar como I/O digital
  135 0000006C 481F            LDR              R0, =GPIO_PORTN_AHB_DEN_R
  136 0000006E F04F 0103       MOV              R1, #2_11
  137 00000072 6001            STR              R1, [R0]
  138 00000074         
  139 00000074 481E            LDR              R0, =GPIO_PORTF_AHB_DEN_R
  140 00000076 F04F 0111       MOV              R1, #2_00010001
  141 0000007A 6001            STR              R1, [R0]
  142 0000007C         
  143 0000007C 481D            LDR              R0, =GPIO_PORTJ_AHB_DEN_R
  144 0000007E F04F 0103       MOV              R1, #2_00000011
  145 00000082 6001            STR              R1, [R0]
  146 00000084         
  147 00000084         ;Configurar PULL-UP
  148 00000084 481C            LDR              R0, =GPIO_PORTJ_AHB_PUR_R
  149 00000086 F04F 0103       MOV              R1, #2_11
  150 0000008A 6001            STR              R1, [R0]
  151 0000008C 4770            BX               LR
  152 0000008E         
  153 0000008E         
  154 0000008E         PortJ_Input
  155 0000008E 491B            LDR              R1, =GPIO_PORTJ_AHB_DATA_R
  156 00000090 6808            LDR              R0, [R1]
  157 00000092 4770            BX               LR
  158 00000094         



ARM Macro Assembler    Page 5 


  159 00000094         
  160 00000094         PortF_Output
  161 00000094 491A            LDR              R1, =GPIO_PORTF_AHB_DATA_R
  162 00000096 680A            LDR              R2, [R1]
  163 00000098 F022 0211       BIC              R2, #2_00010001
  164 0000009C EA40 0002       ORR              R0, R0, R2
  165 000000A0 6008            STR              R0, [R1]
  166 000000A2 4770            BX               LR
  167 000000A4         
  168 000000A4         
  169 000000A4         PortN_Output
  170 000000A4 4917            LDR              R1, =GPIO_PORTN_AHB_DATA_R
  171 000000A6 680A            LDR              R2, [R1]
  172 000000A8 F022 0203       BIC              R2, #2_11
  173 000000AC EA40 0002       ORR              R0, R0, R2
  174 000000B0 6008            STR              R0, [R1]
  175 000000B2 4770            BX               LR
  176 000000B4         
  177 000000B4         
  178 000000B4                 ALIGN
  179 000000B4                 END
              400FE608 
              400FEA08 
              40060528 
              40064528 
              4005D528 
              4006052C 
              4006452C 
              4005D52C 
              40064400 
              4005D400 
              40060400 
              40064420 
              4005D420 
              40060420 
              4006451C 
              4005D51C 
              4006051C 
              40060510 
              400603FC 
              4005D3FC 
              400643FC 
Command Line: --debug --xref --diag_suppress=9931 --cpu=Cortex-M4.fp.sp --apcs=
interwork --depend=.\objects\gpio.d -o.\objects\gpio.o -IC:\Users\modin\AppData
\Local\Arm\Packs\Keil\TM4C_DFP\1.1.0\Device\Include\TM4C129 -IC:\Keil_v5\ARM\CM
SIS\Include --predefine="__EVAL SETA 1" --predefine="__UVISION_VERSION SETA 531
" --predefine="TM4C1294NCPDT SETA 1" --list=.\listings\gpio.lst gpio.s



ARM Macro Assembler    Page 1 Alphabetic symbol ordering
Relocatable symbols

.text 00000000

Symbol: .text
   Definitions
      At line 58 in file gpio.s
   Uses
      None
Comment: .text unused
EsperaGPIO 00000012

Symbol: EsperaGPIO
   Definitions
      At line 80 in file gpio.s
   Uses
      At line 86 in file gpio.s
Comment: EsperaGPIO used once
GPIO_Init 00000000

Symbol: GPIO_Init
   Definitions
      At line 71 in file gpio.s
   Uses
      At line 61 in file gpio.s
Comment: GPIO_Init used once
PortF_Output 00000094

Symbol: PortF_Output
   Definitions
      At line 160 in file gpio.s
   Uses
      At line 64 in file gpio.s
Comment: PortF_Output used once
PortJ_Input 0000008E

Symbol: PortJ_Input
   Definitions
      At line 154 in file gpio.s
   Uses
      At line 62 in file gpio.s
Comment: PortJ_Input used once
PortN_Output 000000A4

Symbol: PortN_Output
   Definitions
      At line 169 in file gpio.s
   Uses
      At line 63 in file gpio.s
Comment: PortN_Output used once
6 symbols



ARM Macro Assembler    Page 1 Alphabetic symbol ordering
Absolute symbols

GPIO_PORTF 00000020

Symbol: GPIO_PORTF
   Definitions
      At line 53 in file gpio.s
   Uses
      At line 75 in file gpio.s
      At line 84 in file gpio.s

GPIO_PORTF_AHB_AFSEL_R 4005D420

Symbol: GPIO_PORTF_AHB_AFSEL_R
   Definitions
      At line 49 in file gpio.s
   Uses
      At line 129 in file gpio.s
Comment: GPIO_PORTF_AHB_AFSEL_R used once
GPIO_PORTF_AHB_AMSEL_R 4005D528

Symbol: GPIO_PORTF_AHB_AMSEL_R
   Definitions
      At line 46 in file gpio.s
   Uses
      At line 97 in file gpio.s
Comment: GPIO_PORTF_AHB_AMSEL_R used once
GPIO_PORTF_AHB_CR_R 4005D524

Symbol: GPIO_PORTF_AHB_CR_R
   Definitions
      At line 45 in file gpio.s
   Uses
      None
Comment: GPIO_PORTF_AHB_CR_R unused
GPIO_PORTF_AHB_DATA_R 4005D3FC

Symbol: GPIO_PORTF_AHB_DATA_R
   Definitions
      At line 52 in file gpio.s
   Uses
      At line 161 in file gpio.s
Comment: GPIO_PORTF_AHB_DATA_R used once
GPIO_PORTF_AHB_DEN_R 4005D51C

Symbol: GPIO_PORTF_AHB_DEN_R
   Definitions
      At line 50 in file gpio.s
   Uses
      At line 139 in file gpio.s
Comment: GPIO_PORTF_AHB_DEN_R used once
GPIO_PORTF_AHB_DIR_R 4005D400

Symbol: GPIO_PORTF_AHB_DIR_R
   Definitions
      At line 48 in file gpio.s
   Uses
      At line 116 in file gpio.s
Comment: GPIO_PORTF_AHB_DIR_R used once
GPIO_PORTF_AHB_LOCK_R 4005D520




ARM Macro Assembler    Page 2 Alphabetic symbol ordering
Absolute symbols

Symbol: GPIO_PORTF_AHB_LOCK_R
   Definitions
      At line 44 in file gpio.s
   Uses
      None
Comment: GPIO_PORTF_AHB_LOCK_R unused
GPIO_PORTF_AHB_PCTL_R 4005D52C

Symbol: GPIO_PORTF_AHB_PCTL_R
   Definitions
      At line 47 in file gpio.s
   Uses
      At line 107 in file gpio.s
Comment: GPIO_PORTF_AHB_PCTL_R used once
GPIO_PORTF_AHB_PUR_R 4005D510

Symbol: GPIO_PORTF_AHB_PUR_R
   Definitions
      At line 51 in file gpio.s
   Uses
      None
Comment: GPIO_PORTF_AHB_PUR_R unused
GPIO_PORTJ 00000100

Symbol: GPIO_PORTJ
   Definitions
      At line 29 in file gpio.s
   Uses
      At line 74 in file gpio.s
      At line 83 in file gpio.s

GPIO_PORTJ_AHB_AFSEL_R 40060420

Symbol: GPIO_PORTJ_AHB_AFSEL_R
   Definitions
      At line 25 in file gpio.s
   Uses
      At line 131 in file gpio.s
Comment: GPIO_PORTJ_AHB_AFSEL_R used once
GPIO_PORTJ_AHB_AMSEL_R 40060528

Symbol: GPIO_PORTJ_AHB_AMSEL_R
   Definitions
      At line 22 in file gpio.s
   Uses
      At line 91 in file gpio.s
Comment: GPIO_PORTJ_AHB_AMSEL_R used once
GPIO_PORTJ_AHB_CR_R 40060524

Symbol: GPIO_PORTJ_AHB_CR_R
   Definitions
      At line 21 in file gpio.s
   Uses
      None
Comment: GPIO_PORTJ_AHB_CR_R unused
GPIO_PORTJ_AHB_DATA_R 400603FC

Symbol: GPIO_PORTJ_AHB_DATA_R
   Definitions



ARM Macro Assembler    Page 3 Alphabetic symbol ordering
Absolute symbols

      At line 28 in file gpio.s
   Uses
      At line 155 in file gpio.s
Comment: GPIO_PORTJ_AHB_DATA_R used once
GPIO_PORTJ_AHB_DEN_R 4006051C

Symbol: GPIO_PORTJ_AHB_DEN_R
   Definitions
      At line 26 in file gpio.s
   Uses
      At line 143 in file gpio.s
Comment: GPIO_PORTJ_AHB_DEN_R used once
GPIO_PORTJ_AHB_DIR_R 40060400

Symbol: GPIO_PORTJ_AHB_DIR_R
   Definitions
      At line 24 in file gpio.s
   Uses
      At line 120 in file gpio.s
Comment: GPIO_PORTJ_AHB_DIR_R used once
GPIO_PORTJ_AHB_LOCK_R 40060520

Symbol: GPIO_PORTJ_AHB_LOCK_R
   Definitions
      At line 20 in file gpio.s
   Uses
      None
Comment: GPIO_PORTJ_AHB_LOCK_R unused
GPIO_PORTJ_AHB_PCTL_R 4006052C

Symbol: GPIO_PORTJ_AHB_PCTL_R
   Definitions
      At line 23 in file gpio.s
   Uses
      At line 103 in file gpio.s
Comment: GPIO_PORTJ_AHB_PCTL_R used once
GPIO_PORTJ_AHB_PUR_R 40060510

Symbol: GPIO_PORTJ_AHB_PUR_R
   Definitions
      At line 27 in file gpio.s
   Uses
      At line 148 in file gpio.s
Comment: GPIO_PORTJ_AHB_PUR_R used once
GPIO_PORTN 00001000

Symbol: GPIO_PORTN
   Definitions
      At line 41 in file gpio.s
   Uses
      At line 73 in file gpio.s
      At line 82 in file gpio.s

GPIO_PORTN_AHB_AFSEL_R 40064420

Symbol: GPIO_PORTN_AHB_AFSEL_R
   Definitions
      At line 37 in file gpio.s
   Uses



ARM Macro Assembler    Page 4 Alphabetic symbol ordering
Absolute symbols

      At line 127 in file gpio.s
Comment: GPIO_PORTN_AHB_AFSEL_R used once
GPIO_PORTN_AHB_AMSEL_R 40064528

Symbol: GPIO_PORTN_AHB_AMSEL_R
   Definitions
      At line 34 in file gpio.s
   Uses
      At line 94 in file gpio.s
Comment: GPIO_PORTN_AHB_AMSEL_R used once
GPIO_PORTN_AHB_CR_R 40064524

Symbol: GPIO_PORTN_AHB_CR_R
   Definitions
      At line 33 in file gpio.s
   Uses
      None
Comment: GPIO_PORTN_AHB_CR_R unused
GPIO_PORTN_AHB_DATA_R 400643FC

Symbol: GPIO_PORTN_AHB_DATA_R
   Definitions
      At line 40 in file gpio.s
   Uses
      At line 170 in file gpio.s
Comment: GPIO_PORTN_AHB_DATA_R used once
GPIO_PORTN_AHB_DEN_R 4006451C

Symbol: GPIO_PORTN_AHB_DEN_R
   Definitions
      At line 38 in file gpio.s
   Uses
      At line 135 in file gpio.s
Comment: GPIO_PORTN_AHB_DEN_R used once
GPIO_PORTN_AHB_DIR_R 40064400

Symbol: GPIO_PORTN_AHB_DIR_R
   Definitions
      At line 36 in file gpio.s
   Uses
      At line 112 in file gpio.s
Comment: GPIO_PORTN_AHB_DIR_R used once
GPIO_PORTN_AHB_LOCK_R 40064520

Symbol: GPIO_PORTN_AHB_LOCK_R
   Definitions
      At line 32 in file gpio.s
   Uses
      None
Comment: GPIO_PORTN_AHB_LOCK_R unused
GPIO_PORTN_AHB_PCTL_R 4006452C

Symbol: GPIO_PORTN_AHB_PCTL_R
   Definitions
      At line 35 in file gpio.s
   Uses
      At line 105 in file gpio.s
Comment: GPIO_PORTN_AHB_PCTL_R used once
GPIO_PORTN_AHB_PUR_R 40064510



ARM Macro Assembler    Page 5 Alphabetic symbol ordering
Absolute symbols


Symbol: GPIO_PORTN_AHB_PUR_R
   Definitions
      At line 39 in file gpio.s
   Uses
      None
Comment: GPIO_PORTN_AHB_PUR_R unused
SYSCTL_PRGPIO_R 400FEA08

Symbol: SYSCTL_PRGPIO_R
   Definitions
      At line 15 in file gpio.s
   Uses
      At line 79 in file gpio.s
Comment: SYSCTL_PRGPIO_R used once
SYSCTL_RCGCGPIO_R 400FE608

Symbol: SYSCTL_RCGCGPIO_R
   Definitions
      At line 14 in file gpio.s
   Uses
      At line 72 in file gpio.s
Comment: SYSCTL_RCGCGPIO_R used once
32 symbols
374 symbols in table
